host: sorewildebeest-8dd5d
Building DAG of jobs...
Using shell: /usr/bin/bash
Provided cores: 24
Rules claiming more threads will be scaled down.
Job stats:
job                     count
--------------------  -------
all                         1
summarize_basecaller        4
total                       5

Select jobs to execute...
Execute 1 jobs...

[Wed May  7 14:28:46 2025]
localrule summarize_basecaller:
    input: /vol/spacex/nanopore/test_pipeline/f/sham2/basecalled.bam
    output: /vol/spacex/nanopore/test_pipeline/f/sham2/summary/basecaller_summary.tsv
    log: /vol/spacex/nanopore/test_pipeline/f/sham2/log/basecaller_summary.log
    jobid: 8
    reason: Missing output files: /vol/spacex/nanopore/test_pipeline/f/sham2/summary/basecaller_summary.tsv
    wildcards: output_dir=/vol/spacex/nanopore/test_pipeline/f, name=sham, replicate=2
    resources: tmpdir=/tmp

[Wed May  7 14:28:47 2025]
Finished job 8.
1 of 5 steps (20%) done
Select jobs to execute...
Execute 1 jobs...

[Wed May  7 14:28:47 2025]
localrule summarize_basecaller:
    input: /vol/spacex/nanopore/test_pipeline/f/itbs1/basecalled.bam
    output: /vol/spacex/nanopore/test_pipeline/f/itbs1/summary/basecaller_summary.tsv
    log: /vol/spacex/nanopore/test_pipeline/f/itbs1/log/basecaller_summary.log
    jobid: 5
    reason: Missing output files: /vol/spacex/nanopore/test_pipeline/f/itbs1/summary/basecaller_summary.tsv
    wildcards: output_dir=/vol/spacex/nanopore/test_pipeline/f, name=itbs, replicate=1
    resources: tmpdir=/tmp

[Wed May  7 14:28:48 2025]
Finished job 5.
2 of 5 steps (40%) done
Select jobs to execute...
Execute 1 jobs...

[Wed May  7 14:28:48 2025]
localrule summarize_basecaller:
    input: /vol/spacex/nanopore/test_pipeline/f/itbs2/basecalled.bam
    output: /vol/spacex/nanopore/test_pipeline/f/itbs2/summary/basecaller_summary.tsv
    log: /vol/spacex/nanopore/test_pipeline/f/itbs2/log/basecaller_summary.log
    jobid: 6
    reason: Missing output files: /vol/spacex/nanopore/test_pipeline/f/itbs2/summary/basecaller_summary.tsv
    wildcards: output_dir=/vol/spacex/nanopore/test_pipeline/f, name=itbs, replicate=2
    resources: tmpdir=/tmp

[Wed May  7 14:28:48 2025]
Finished job 6.
3 of 5 steps (60%) done
Select jobs to execute...
Execute 1 jobs...

[Wed May  7 14:28:48 2025]
localrule summarize_basecaller:
    input: /vol/spacex/nanopore/test_pipeline/f/sham1/basecalled.bam
    output: /vol/spacex/nanopore/test_pipeline/f/sham1/summary/basecaller_summary.tsv
    log: /vol/spacex/nanopore/test_pipeline/f/sham1/log/basecaller_summary.log
    jobid: 7
    reason: Missing output files: /vol/spacex/nanopore/test_pipeline/f/sham1/summary/basecaller_summary.tsv
    wildcards: output_dir=/vol/spacex/nanopore/test_pipeline/f, name=sham, replicate=1
    resources: tmpdir=/tmp

[Wed May  7 14:28:49 2025]
Finished job 7.
4 of 5 steps (80%) done
Select jobs to execute...
Execute 1 jobs...

[Wed May  7 14:28:49 2025]
localrule all:
    input: /vol/spacex/nanopore/test_pipeline/f/itbs1/basecalled.bam, /vol/spacex/nanopore/test_pipeline/f/itbs2/basecalled.bam, /vol/spacex/nanopore/test_pipeline/f/sham1/basecalled.bam, /vol/spacex/nanopore/test_pipeline/f/sham2/basecalled.bam, /vol/spacex/nanopore/test_pipeline/f/itbs1/summary/basecaller_summary.tsv, /vol/spacex/nanopore/test_pipeline/f/itbs2/summary/basecaller_summary.tsv, /vol/spacex/nanopore/test_pipeline/f/sham1/summary/basecaller_summary.tsv, /vol/spacex/nanopore/test_pipeline/f/sham2/summary/basecaller_summary.tsv
    output: 2025-05-07_14-28-46_final_marker_align.done
    jobid: 0
    reason: Missing output files: 2025-05-07_14-28-46_final_marker_align.done; Input files updated by another job: /vol/spacex/nanopore/test_pipeline/f/itbs2/summary/basecaller_summary.tsv, /vol/spacex/nanopore/test_pipeline/f/sham1/summary/basecaller_summary.tsv, /vol/spacex/nanopore/test_pipeline/f/sham2/summary/basecaller_summary.tsv, /vol/spacex/nanopore/test_pipeline/f/itbs1/summary/basecaller_summary.tsv
    resources: tmpdir=/tmp

[Wed May  7 14:28:49 2025]
Finished job 0.
5 of 5 steps (100%) done
Complete log: .snakemake/log/2025-05-07T142846.212916.snakemake.log
