host: sorewildebeest-8dd5d
Building DAG of jobs...
Using shell: /usr/bin/bash
Provided cores: 24
Rules claiming more threads will be scaled down.
Job stats:
job                  count
-----------------  -------
align                    3
all                      1
summarize_aligner        4
total                    8

Select jobs to execute...
Execute 1 jobs...

[Wed May  7 14:58:33 2025]
localrule align:
    input: /vol/spacex/nanopore/test_pipeline/f/mm39_fasta/Mus_musculus.GRCm39.cdna.all.fa, /vol/spacex/nanopore/test_pipeline/f/sham2/basecalled.bam
    output: /vol/spacex/nanopore/test_pipeline/f/sham2/aligned/basecalled.bam
    log: /vol/spacex/nanopore/test_pipeline/f/sham2/log/aligned.log
    jobid: 12
    reason: Missing output files: /vol/spacex/nanopore/test_pipeline/f/sham2/aligned/basecalled.bam
    wildcards: output_dir=/vol/spacex/nanopore/test_pipeline/f, name=sham, replicate=2
    resources: tmpdir=/tmp

[Wed May  7 14:58:43 2025]
Finished job 12.
1 of 8 steps (12%) done
Select jobs to execute...
Execute 1 jobs...

[Wed May  7 14:58:43 2025]
localrule summarize_aligner:
    input: /vol/spacex/nanopore/test_pipeline/f/sham2/aligned/basecalled.bam
    output: /vol/spacex/nanopore/test_pipeline/f/sham2/summary/aligner_summary.tsv
    log: /vol/spacex/nanopore/test_pipeline/f/sham2/log/aligner_summary.log
    jobid: 16
    reason: Missing output files: /vol/spacex/nanopore/test_pipeline/f/sham2/summary/aligner_summary.tsv; Input files updated by another job: /vol/spacex/nanopore/test_pipeline/f/sham2/aligned/basecalled.bam
    wildcards: output_dir=/vol/spacex/nanopore/test_pipeline/f, name=sham, replicate=2
    resources: tmpdir=/tmp

[Wed May  7 14:58:44 2025]
Finished job 16.
2 of 8 steps (25%) done
Select jobs to execute...
Execute 1 jobs...

[Wed May  7 14:58:44 2025]
localrule align:
    input: /vol/spacex/nanopore/test_pipeline/f/mm39_fasta/Mus_musculus.GRCm39.cdna.all.fa, /vol/spacex/nanopore/test_pipeline/f/sham1/basecalled.bam
    output: /vol/spacex/nanopore/test_pipeline/f/sham1/aligned/basecalled.bam
    log: /vol/spacex/nanopore/test_pipeline/f/sham1/log/aligned.log
    jobid: 11
    reason: Missing output files: /vol/spacex/nanopore/test_pipeline/f/sham1/aligned/basecalled.bam
    wildcards: output_dir=/vol/spacex/nanopore/test_pipeline/f, name=sham, replicate=1
    resources: tmpdir=/tmp

[Wed May  7 14:58:54 2025]
Finished job 11.
3 of 8 steps (38%) done
Select jobs to execute...
Execute 1 jobs...

[Wed May  7 14:58:54 2025]
localrule summarize_aligner:
    input: /vol/spacex/nanopore/test_pipeline/f/sham1/aligned/basecalled.bam
    output: /vol/spacex/nanopore/test_pipeline/f/sham1/summary/aligner_summary.tsv
    log: /vol/spacex/nanopore/test_pipeline/f/sham1/log/aligner_summary.log
    jobid: 15
    reason: Missing output files: /vol/spacex/nanopore/test_pipeline/f/sham1/summary/aligner_summary.tsv; Input files updated by another job: /vol/spacex/nanopore/test_pipeline/f/sham1/aligned/basecalled.bam
    wildcards: output_dir=/vol/spacex/nanopore/test_pipeline/f, name=sham, replicate=1
    resources: tmpdir=/tmp

[Wed May  7 14:58:55 2025]
Finished job 15.
4 of 8 steps (50%) done
Select jobs to execute...
Execute 1 jobs...

[Wed May  7 14:58:55 2025]
localrule summarize_aligner:
    input: /vol/spacex/nanopore/test_pipeline/f/itbs1/aligned/basecalled.bam
    output: /vol/spacex/nanopore/test_pipeline/f/itbs1/summary/aligner_summary.tsv
    log: /vol/spacex/nanopore/test_pipeline/f/itbs1/log/aligner_summary.log
    jobid: 13
    reason: Missing output files: /vol/spacex/nanopore/test_pipeline/f/itbs1/summary/aligner_summary.tsv
    wildcards: output_dir=/vol/spacex/nanopore/test_pipeline/f, name=itbs, replicate=1
    resources: tmpdir=/tmp

[Wed May  7 14:58:57 2025]
Finished job 13.
5 of 8 steps (62%) done
Select jobs to execute...
Execute 1 jobs...

[Wed May  7 14:58:57 2025]
localrule align:
    input: /vol/spacex/nanopore/test_pipeline/f/mm39_fasta/Mus_musculus.GRCm39.cdna.all.fa, /vol/spacex/nanopore/test_pipeline/f/itbs2/basecalled.bam
    output: /vol/spacex/nanopore/test_pipeline/f/itbs2/aligned/basecalled.bam
    log: /vol/spacex/nanopore/test_pipeline/f/itbs2/log/aligned.log
    jobid: 10
    reason: Missing output files: /vol/spacex/nanopore/test_pipeline/f/itbs2/aligned/basecalled.bam
    wildcards: output_dir=/vol/spacex/nanopore/test_pipeline/f, name=itbs, replicate=2
    resources: tmpdir=/tmp

[Wed May  7 14:59:06 2025]
Finished job 10.
6 of 8 steps (75%) done
Select jobs to execute...
Execute 1 jobs...

[Wed May  7 14:59:06 2025]
localrule summarize_aligner:
    input: /vol/spacex/nanopore/test_pipeline/f/itbs2/aligned/basecalled.bam
    output: /vol/spacex/nanopore/test_pipeline/f/itbs2/summary/aligner_summary.tsv
    log: /vol/spacex/nanopore/test_pipeline/f/itbs2/log/aligner_summary.log
    jobid: 14
    reason: Missing output files: /vol/spacex/nanopore/test_pipeline/f/itbs2/summary/aligner_summary.tsv; Input files updated by another job: /vol/spacex/nanopore/test_pipeline/f/itbs2/aligned/basecalled.bam
    wildcards: output_dir=/vol/spacex/nanopore/test_pipeline/f, name=itbs, replicate=2
    resources: tmpdir=/tmp

[Wed May  7 14:59:07 2025]
Finished job 14.
7 of 8 steps (88%) done
Select jobs to execute...
Execute 1 jobs...

[Wed May  7 14:59:07 2025]
localrule all:
    input: /vol/spacex/nanopore/test_pipeline/f/itbs1/basecalled.bam, /vol/spacex/nanopore/test_pipeline/f/itbs2/basecalled.bam, /vol/spacex/nanopore/test_pipeline/f/sham1/basecalled.bam, /vol/spacex/nanopore/test_pipeline/f/sham2/basecalled.bam, /vol/spacex/nanopore/test_pipeline/f/itbs1/summary/basecaller_summary.tsv, /vol/spacex/nanopore/test_pipeline/f/itbs2/summary/basecaller_summary.tsv, /vol/spacex/nanopore/test_pipeline/f/sham1/summary/basecaller_summary.tsv, /vol/spacex/nanopore/test_pipeline/f/sham2/summary/basecaller_summary.tsv, /vol/spacex/nanopore/test_pipeline/f/itbs1/aligned/basecalled.bam, /vol/spacex/nanopore/test_pipeline/f/itbs2/aligned/basecalled.bam, /vol/spacex/nanopore/test_pipeline/f/sham1/aligned/basecalled.bam, /vol/spacex/nanopore/test_pipeline/f/sham2/aligned/basecalled.bam, /vol/spacex/nanopore/test_pipeline/f/itbs1/summary/aligner_summary.tsv, /vol/spacex/nanopore/test_pipeline/f/itbs2/summary/aligner_summary.tsv, /vol/spacex/nanopore/test_pipeline/f/sham1/summary/aligner_summary.tsv, /vol/spacex/nanopore/test_pipeline/f/sham2/summary/aligner_summary.tsv
    output: 2025-05-07_14-58-33_final_marker_align.done
    jobid: 0
    reason: Missing output files: 2025-05-07_14-58-33_final_marker_align.done; Input files updated by another job: /vol/spacex/nanopore/test_pipeline/f/sham1/summary/aligner_summary.tsv, /vol/spacex/nanopore/test_pipeline/f/itbs2/summary/aligner_summary.tsv, /vol/spacex/nanopore/test_pipeline/f/sham1/aligned/basecalled.bam, /vol/spacex/nanopore/test_pipeline/f/sham2/aligned/basecalled.bam, /vol/spacex/nanopore/test_pipeline/f/itbs1/summary/aligner_summary.tsv, /vol/spacex/nanopore/test_pipeline/f/itbs2/aligned/basecalled.bam, /vol/spacex/nanopore/test_pipeline/f/sham2/summary/aligner_summary.tsv
    resources: tmpdir=/tmp

[Wed May  7 14:59:07 2025]
Finished job 0.
8 of 8 steps (100%) done
Complete log: .snakemake/log/2025-05-07T145833.705836.snakemake.log
