host: sorewildebeest-8dd5d
Building DAG of jobs...
Using shell: /usr/bin/bash
Provided cores: 24
Rules claiming more threads will be scaled down.
Job stats:
job               count
--------------  -------
all                   1
base_count_sum        4
index                 4
sort                  4
summarize             4
total                17

Select jobs to execute...
Execute 1 jobs...

[Wed May  7 15:09:03 2025]
localrule sort:
    input: /vol/spacex/nanopore/test_pipeline/f/itbs1/aligned/basecalled.bam
    output: /vol/spacex/nanopore/test_pipeline/f/itbs1/aligned/sorted.bam
    log: /vol/spacex/nanopore/test_pipeline/f/itbs1/log/sorted.log
    jobid: 17
    reason: Missing output files: /vol/spacex/nanopore/test_pipeline/f/itbs1/aligned/sorted.bam
    wildcards: output_dir=/vol/spacex/nanopore/test_pipeline/f, name=itbs, replicate=1
    resources: tmpdir=/tmp

[Wed May  7 15:09:06 2025]
Finished job 17.
1 of 17 steps (6%) done
Select jobs to execute...
Execute 1 jobs...

[Wed May  7 15:09:06 2025]
localrule summarize:
    input: /vol/spacex/nanopore/test_pipeline/f/itbs1/aligned/sorted.bam
    output: /vol/spacex/nanopore/test_pipeline/f/itbs1/summary/summary_reads.txt
    jobid: 21
    reason: Missing output files: /vol/spacex/nanopore/test_pipeline/f/itbs1/summary/summary_reads.txt; Input files updated by another job: /vol/spacex/nanopore/test_pipeline/f/itbs1/aligned/sorted.bam
    wildcards: output_dir=/vol/spacex/nanopore/test_pipeline/f, name=itbs, replicate=1
    resources: tmpdir=/tmp

[Wed May  7 15:09:06 2025]
Finished job 21.
2 of 17 steps (12%) done
Select jobs to execute...
Execute 1 jobs...

[Wed May  7 15:09:06 2025]
localrule index:
    input: /vol/spacex/nanopore/test_pipeline/f/itbs1/aligned/sorted.bam
    output: /vol/spacex/nanopore/test_pipeline/f/itbs1/aligned/indexed.bam.bai
    log: /vol/spacex/nanopore/test_pipeline/f/itbs1/log/indexed.log
    jobid: 25
    reason: Missing output files: /vol/spacex/nanopore/test_pipeline/f/itbs1/aligned/indexed.bam.bai; Input files updated by another job: /vol/spacex/nanopore/test_pipeline/f/itbs1/aligned/sorted.bam
    wildcards: output_dir=/vol/spacex/nanopore/test_pipeline/f, name=itbs, replicate=1
    resources: tmpdir=/tmp

[Wed May  7 15:09:07 2025]
Finished job 25.
3 of 17 steps (18%) done
Select jobs to execute...
Execute 1 jobs...

[Wed May  7 15:09:07 2025]
localrule base_count_sum:
    input: /vol/spacex/nanopore/test_pipeline/f/itbs1/aligned/sorted.bam, /vol/spacex/nanopore/test_pipeline/f/itbs1/aligned/indexed.bam.bai
    output: /vol/spacex/nanopore/test_pipeline/f/itbs1/pileup/pileup.bed
    log: /vol/spacex/nanopore/test_pipeline/f/itbs1/log/pileup.log
    jobid: 29
    reason: Missing output files: /vol/spacex/nanopore/test_pipeline/f/itbs1/pileup/pileup.bed; Input files updated by another job: /vol/spacex/nanopore/test_pipeline/f/itbs1/aligned/indexed.bam.bai, /vol/spacex/nanopore/test_pipeline/f/itbs1/aligned/sorted.bam
    wildcards: output_dir=/vol/spacex/nanopore/test_pipeline/f, name=itbs, replicate=1
    resources: tmpdir=/tmp

