host: sorewildebeest-8dd5d
Building DAG of jobs...
Using shell: /usr/bin/bash
Provided cores: 24
Rules claiming more threads will be scaled down.
Job stats:
job                  count
-----------------  -------
align                    4
all                      1
summarize_aligner        4
total                    9

Select jobs to execute...
Execute 1 jobs...

[Wed May  7 14:45:26 2025]
localrule align:
    input: /vol/spacex/nanopore/test_pipeline/f/mm39_fasta/Mus_musculus.GRCm39.cdna.all.fa, /vol/spacex/nanopore/test_pipeline/f/itbs1/basecalled.bam
    output: /vol/spacex/nanopore/test_pipeline/f/itbs1/aligned.bam
    log: /vol/spacex/nanopore/test_pipeline/f/itbs1/log/aligned.log
    jobid: 9
    reason: Missing output files: /vol/spacex/nanopore/test_pipeline/f/itbs1/aligned.bam
    wildcards: output_dir=/vol/spacex/nanopore/test_pipeline/f, name=itbs, replicate=1
    resources: tmpdir=/tmp

RuleException in rule align in file /vol/spacex/nanopore/test_pipeline/f/workflow/rules/aligner.py, line 2:
NameError: The name 'output_dir' is unknown in this context. Did you mean 'wildcards.output_dir'?, when formatting the following:
dorado aligner {input.genome} {input.bam} --output-dir {output_dir}/{name}{replicate}  --emit-summary 2> {log}
