host: sorewildebeest-8dd5d
Building DAG of jobs...
Using shell: /usr/bin/bash
Provided cores: 24
Rules claiming more threads will be scaled down.
Job stats:
job                  count
-----------------  -------
align                    4
all                      1
summarize_aligner        4
total                    9

Select jobs to execute...
Execute 1 jobs...

[Wed May  7 14:50:24 2025]
localrule align:
    input: /vol/spacex/nanopore/test_pipeline/f/mm39_fasta/Mus_musculus.GRCm39.cdna.all.fa, /vol/spacex/nanopore/test_pipeline/f/itbs1/basecalled.bam
    output: /vol/spacex/nanopore/test_pipeline/f/itbs1/aligned.bam
    log: /vol/spacex/nanopore/test_pipeline/f/itbs1/log/aligned.log
    jobid: 9
    reason: Missing output files: /vol/spacex/nanopore/test_pipeline/f/itbs1/aligned.bam
    wildcards: output_dir=/vol/spacex/nanopore/test_pipeline/f, name=itbs, replicate=1
    resources: tmpdir=/tmp

[Wed May  7 14:50:24 2025]
Error in rule align:
    jobid: 9
    input: /vol/spacex/nanopore/test_pipeline/f/mm39_fasta/Mus_musculus.GRCm39.cdna.all.fa, /vol/spacex/nanopore/test_pipeline/f/itbs1/basecalled.bam
    output: /vol/spacex/nanopore/test_pipeline/f/itbs1/aligned.bam
    log: /vol/spacex/nanopore/test_pipeline/f/itbs1/log/aligned.log (check log file(s) for error details)
    shell:
        dorado aligner /vol/spacex/nanopore/test_pipeline/f/mm39_fasta/Mus_musculus.GRCm39.cdna.all.fa /vol/spacex/nanopore/test_pipeline/f/itbs1/basecalled.bam --output /vol/spacex/nanopore/test_pipeline/f/itbs1/aligned.bam  --emit-summary 2> /vol/spacex/nanopore/test_pipeline/f/itbs1/log/aligned.log
        (one of the commands exited with non-zero exit code; note that snakemake uses bash strict mode!)

Shutting down, this might take some time.
Exiting because a job execution failed. Look above for error message
Complete log: .snakemake/log/2025-05-07T145024.029949.snakemake.log
WorkflowError:
At least one job did not complete successfully.
